<?xml version="1.0" encoding="UTF-8"?>
<!-- Generated by org.testng.reporters.JUnitXMLReporter -->
<testsuite ignored="0" hostname="LAPTOP-21UHU9NB" failures="0" tests="4" name="Test-Runner 1" time="31.417" errors="0" timestamp="2022-11-09T14:10:24 IST">
  <testcase classname="vTiger.contact.Create_contact" name="createContact" time="31.353"/>
  <testcase classname="vTiger.contact.Create_contact" name="createContactWithDemoTest" time="0.001"/>
  <testcase classname="vTiger.contact.Create_contact" name="createContactWithLeadSource" time="0.003"/>
  <testcase classname="vTiger.contact.Create_contact" name="createContactWithLeadSourceAndOrg" time="0.0"/>
</testsuite> <!-- Test-Runner 1 -->
