<?xml version="1.0" encoding="UTF-8"?>
<!-- Generated by org.testng.reporters.JUnitXMLReporter -->
<testsuite ignored="0" hostname="LAPTOP-21UHU9NB" failures="0" tests="4" name="Test-runner-CHROME" time="73.477" errors="0" timestamp="2022-11-10T12:43:04 IST">
  <testcase classname="vTiger.contact.Create_contact" name="createContact" time="30.275"/>
  <testcase classname="vTiger.contact.Create_contact" name="createContactWithDemoTest" time="0.002"/>
  <testcase classname="vTiger.contact.Create_contact" name="createContactWithLeadSource" time="0.003"/>
  <testcase classname="vTiger.contact.Create_contact" name="createContactWithLeadSourceAndOrg" time="0.003"/>
</testsuite> <!-- Test-runner-CHROME -->
