<?xml version="1.0" encoding="UTF-8"?>
<!-- Generated by org.testng.reporters.JUnitXMLReporter -->
<testsuite ignored="0" hostname="LAPTOP-21UHU9NB" failures="0" tests="1" name="Test-Runner-2" time="48.266" errors="0" timestamp="2022-11-09T14:10:41 IST">
  <testcase classname="vTiger.contact.createContactWithOrganization" name="createContactWithorg" time="48.234"/>
</testsuite> <!-- Test-Runner-2 -->
