<?xml version="1.0" encoding="UTF-8"?>
<!-- Generated by org.testng.reporters.JUnitReportReporter -->
<testsuite hostname="LAPTOP-21UHU9NB" failures="0" tests="1" name="vtigerPractive.ReadDataFromCMDLine" time="0.010" errors="0" timestamp="2022-11-17T22:34:07 IST" skipped="0">
  <testcase classname="vtigerPractive.ReadDataFromCMDLine" name="readData" time="0.010"/>
  <system-out/>
</testsuite> <!-- vtigerPractive.ReadDataFromCMDLine -->
