<?xml version="1.0" encoding="UTF-8"?>
<!-- Generated by org.testng.reporters.JUnitReportReporter -->
<testsuite hostname="LAPTOP-21UHU9NB" failures="0" tests="3" name="vtigerPractive.DataProviderPractice" time="0.028" errors="0" timestamp="2022-11-03T11:42:28 IST" skipped="0">
  <testcase classname="vtigerPractive.DataProviderPractice" name="addToCartTest" time="0.002"/>
  <system-out/>
  <testcase classname="vtigerPractive.DataProviderPractice" name="addToCartTest" time="0.003"/>
  <system-out/>
  <testcase classname="vtigerPractive.DataProviderPractice" name="addToCartTest" time="0.023"/>
  <system-out/>
</testsuite> <!-- vtigerPractive.DataProviderPractice -->
