<?xml version="1.0" encoding="UTF-8"?>
<!-- Generated by org.testng.reporters.JUnitReportReporter -->
<testsuite hostname="LAPTOP-21UHU9NB" failures="0" tests="1" name="vtigerPractive.ReadDataFromCMDLineTest" time="0.010" errors="0" timestamp="2022-11-17T23:53:58 IST" skipped="0">
  <testcase classname="vtigerPractive.ReadDataFromCMDLineTest" name="readData" time="0.010"/>
  <system-out/>
</testsuite> <!-- vtigerPractive.ReadDataFromCMDLineTest -->
